[0.0s] Catalog: 10333 coprime multi-N pairs
[0.0s] Partner-only (1-hop): 10176
[0.0s] 计算 partner-only N 列表（10176 pair）...
  [0.1s]   200/10176  (2545/s, ETA 4s)
  [0.3s]   400/10176  (1378/s, ETA 7s)
  [0.7s]   600/10176  (884/s, ETA 11s)
  [1.2s]   800/10176  (657/s, ETA 14s)
  [1.9s]   1000/10176  (540/s, ETA 17s)
  [2.7s]   1200/10176  (449/s, ETA 20s)
  [3.6s]   1400/10176  (389/s, ETA 23s)
  [4.4s]   1600/10176  (362/s, ETA 24s)
  [5.0s]   1800/10176  (360/s, ETA 23s)
  [5.7s]   2000/10176  (352/s, ETA 23s)
  [6.4s]   2200/10176  (343/s, ETA 23s)
  [7.2s]   2400/10176  (332/s, ETA 23s)
  [8.2s]   2600/10176  (317/s, ETA 24s)
  [9.0s]   2800/10176  (310/s, ETA 24s)
  [9.8s]   3000/10176  (307/s, ETA 23s)
  [10.6s]   3200/10176  (303/s, ETA 23s)
  [11.3s]   3400/10176  (300/s, ETA 23s)
  [12.2s]   3600/10176  (296/s, ETA 22s)
  [13.0s]   3800/10176  (293/s, ETA 22s)
  [13.7s]   4000/10176  (293/s, ETA 21s)
  [14.5s]   4200/10176  (289/s, ETA 21s)
  [15.2s]   4400/10176  (289/s, ETA 20s)
  [16.0s]   4600/10176  (287/s, ETA 19s)
  [16.8s]   4800/10176  (286/s, ETA 19s)
  [17.6s]   5000/10176  (285/s, ETA 18s)
  [18.3s]   5200/10176  (284/s, ETA 18s)
  [19.1s]   5400/10176  (282/s, ETA 17s)
  [19.8s]   5600/10176  (282/s, ETA 16s)
  [20.6s]   5800/10176  (281/s, ETA 16s)
  [21.3s]   6000/10176  (282/s, ETA 15s)
  [22.0s]   6200/10176  (281/s, ETA 14s)
  [22.9s]   6400/10176  (280/s, ETA 13s)
  [23.5s]   6600/10176  (281/s, ETA 13s)
  [24.2s]   6800/10176  (281/s, ETA 12s)
  [24.9s]   7000/10176  (282/s, ETA 11s)
  [25.6s]   7200/10176  (281/s, ETA 11s)
  [26.4s]   7400/10176  (280/s, ETA 10s)
  [27.2s]   7600/10176  (280/s, ETA 9s)
  [27.9s]   7800/10176  (280/s, ETA 8s)
  [28.6s]   8000/10176  (279/s, ETA 8s)
  [29.3s]   8200/10176  (280/s, ETA 7s)
  [30.1s]   8400/10176  (279/s, ETA 6s)
  [30.7s]   8600/10176  (280/s, ETA 6s)
  [31.5s]   8800/10176  (279/s, ETA 5s)
  [32.4s]   9000/10176  (278/s, ETA 4s)
  [33.1s]   9200/10176  (278/s, ETA 4s)
  [34.1s]   9400/10176  (276/s, ETA 3s)
  [34.9s]   9600/10176  (275/s, ETA 2s)
  [35.8s]   9800/10176  (274/s, ETA 1s)
  [37.6s]   10000/10176  (266/s, ETA 1s)
[40.0s] 完成 partner-only N 列表计算
[40.0s] Level-1 edges: 16254, level-2 new partners: 5768
[40.0s] 计算 level-2 N 列表...
[71.4s] Level-2 完成，edges = 21500, vertices = 26277
[71.4s] union-find 完成: 9957 components

顶部 component 分布（按 size 降序）:
rank size  edges  circuit_rank 例子                            
----------------------------------------------------------------------
1    392   407    16           (5985, 59584)
2    239   252    14           (42636, 53040)
3    120   119    0            (60060, 380160)
4    109   115    7            (27300, 192096)
5    98    98     1            (10920, 29040)
6    98    102    5            (29400, 752640)
7    96    98     3            (46200, 188160)
8    87    86     0            (58800, 613872)
9    81    80     0            (6688, 55062)
10   81    83     3            (5772, 17280)
11   80    83     4            (32760, 51840)
12   76    75     0            (23688, 58240)
13   74    80     7            (33345, 342720)
14   66    65     0            (38556, 82620)
15   61    60     0            (248640, 415584)
16   60    59     0            (21888, 97812)
17   57    58     2            (9240, 9984)
18   56    55     0            (4116, 5880)
19   55    56     2            (317625, 638880)
20   54    54     1            (9450, 18564)

Size 分布 (前 10):
  size = 1      count = 307
  size = 2      count = 8046
  size = 4      count = 698
  size = 6      count = 285
  size = 7      count = 55
  size = 8      count = 85
  size = 9      count = 103
  size = 10     count = 7
  size = 11     count = 83
  size = 12     count = 17
  size = 13     count = 44
  size = 14     count = 26
  size = 15     count = 23
  size = 16     count = 8
  size = 17     count = 16
  size = 18     count = 20
  size = 19     count = 17
  size = 20     count = 9
  size = 22     count = 11
  size = 23     count = 6
  size = 25     count = 8
  size = 26     count = 5
  size = 27     count = 7
  size = 28     count = 5
  size = 29     count = 5

[71.5s] 总耗时
edges:      results/partner_full_graph_edges.jsonl
components: results/partner_full_graph_components.jsonl
summary:    results/partner_full_graph_summary.json
