[0.0s] Seeds (catalog): 10333 pairs
  workers=10, chunksize=50, max_value=1000000
[3.1s] round 1: processed 10333, edges=10404, visited=10333, next_frontier=10176, compute=3.1s
[11.1s] round 2: processed 10176, edges=16254, visited=20509, next_frontier=5769, compute=8.0s
[17.7s] round 3: processed 5768, edges=21500, visited=26277, next_frontier=5069, compute=6.5s
[24.4s] round 4: processed 5062, edges=31991, visited=31339, next_frontier=9902, compute=6.7s
[38.5s] round 5: processed 9876, edges=44965, visited=41215, next_frontier=11967, compute=14.1s
[58.3s] round 6: processed 11869, edges=66842, visited=53084, next_frontier=20326, compute=19.8s
[95.4s] round 7: processed 20101, edges=92884, visited=73185, next_frontier=23937, compute=37.1s
[143.5s] round 8: processed 23475, edges=127168, visited=96660, next_frontier=31886, compute=48.1s
[210.5s] round 9: processed 31190, edges=162541, visited=127850, next_frontier=33005, compute=67.0s
[283.5s] round 10: processed 32222, edges=200423, visited=160072, next_frontier=35802, compute=72.9s
[366.5s] round 11: processed 35025, edges=232882, visited=195097, next_frontier=30837, compute=83.0s
[440.4s] round 12: processed 30179, edges=261426, visited=225276, next_frontier=27401, compute=73.8s
[507.8s] round 13: processed 26878, edges=282870, visited=252154, next_frontier=20649, compute=67.4s
[559.4s] round 14: processed 20344, edges=299716, visited=272498, next_frontier=16304, compute=51.6s
[600.2s] round 15: processed 16142, edges=311820, visited=288640, next_frontier=11758, compute=40.7s
[629.7s] round 16: processed 11671, edges=321163, visited=300311, next_frontier=9098, compute=29.4s
[652.8s] round 17: processed 9048, edges=327938, visited=309359, next_frontier=6608, compute=23.1s
[669.3s] round 18: processed 6576, edges=333273, visited=315935, next_frontier=5214, compute=16.5s
[682.7s] round 19: processed 5183, edges=337385, visited=321118, next_frontier=3994, compute=13.4s
[693.0s] round 20: processed 3983, edges=340540, visited=325101, next_frontier=3079, compute=10.3s
[701.1s] round 21: processed 3069, edges=342873, visited=328170, next_frontier=2287, compute=8.2s
[707.2s] round 22: processed 2285, edges=344737, visited=330455, next_frontier=1822, compute=6.1s
[712.2s] round 23: processed 1815, edges=346117, visited=332270, next_frontier=1340, compute=5.0s
[716.1s] round 24: processed 1337, edges=347167, visited=333607, next_frontier=1019, compute=3.9s
[718.9s] round 25: processed 1018, edges=347919, visited=334625, next_frontier=725, compute=2.9s
[721.1s] round 26: processed 724, edges=348556, visited=335349, next_frontier=620, compute=2.2s
[723.0s] round 27: processed 620, edges=349037, visited=335969, next_frontier=466, compute=1.9s
[724.4s] round 28: processed 466, edges=349421, visited=336435, next_frontier=374, compute=1.3s
[725.6s] round 29: processed 374, edges=349744, visited=336809, next_frontier=312, compute=1.2s
[726.7s] round 30: processed 312, edges=349998, visited=337121, next_frontier=251, compute=1.2s
[727.8s] round 31: processed 251, edges=350170, visited=337372, next_frontier=167, compute=1.1s
[728.6s] round 32: processed 167, edges=350303, visited=337539, next_frontier=129, compute=0.8s
[729.5s] round 33: processed 129, edges=350401, visited=337668, next_frontier=97, compute=0.9s
[730.2s] round 34: processed 97, edges=350488, visited=337765, next_frontier=85, compute=0.7s
[731.1s] round 35: processed 85, edges=350557, visited=337850, next_frontier=69, compute=0.9s
[731.8s] round 36: processed 69, edges=350633, visited=337919, next_frontier=75, compute=0.8s
[732.9s] round 37: processed 75, edges=350717, visited=337994, next_frontier=81, compute=1.0s
[733.8s] round 38: processed 81, edges=350745, visited=338075, next_frontier=27, compute=0.9s
[734.3s] round 39: processed 27, edges=350775, visited=338102, next_frontier=30, compute=0.5s
[734.7s] round 40: processed 30, edges=350799, visited=338132, next_frontier=24, compute=0.4s
[735.1s] round 41: processed 24, edges=350824, visited=338156, next_frontier=25, compute=0.4s
[735.5s] round 42: processed 25, edges=350841, visited=338181, next_frontier=17, compute=0.4s
[735.8s] round 43: processed 17, edges=350855, visited=338198, next_frontier=14, compute=0.2s
[736.0s] round 44: processed 14, edges=350861, visited=338212, next_frontier=6, compute=0.2s
[736.1s] round 45: processed 6, edges=350866, visited=338218, next_frontier=5, compute=0.1s
[736.2s] round 46: processed 5, edges=350868, visited=338223, next_frontier=2, compute=0.1s
[736.3s] round 47: processed 2, edges=350868, visited=338225, next_frontier=0, compute=0.1s
[736.3s] BFS 完成: 338225 顶点, 350868 边
[737.2s] union-find 完成: 9580 components

顶部 20 components:
  rank size  edges  cycle  in_cat 代表顶点                  
  ------------------------------------------------------------
  1    309689331803 22115  550    (40950, 99470)
  2    473   485    13     1      (412800, 434214)
  3    471   485    15     1      (75465, 146965)
  4    393   404    12     1      (439725, 537264)
  5    155   156    2      1      (25896, 448200)
  6    143   144    2      1      (44640, 231168)
  7    121   127    7      3      (44460, 909720)
  8    113   112    0      1      (53680, 60928)
  9    109   112    4      1      (9828, 45150)
  10   104   105    2      1      (23985, 35424)
  11   102   103    2      2      (68355, 638400)
  12   95    94     0      1      (600875, 826880)
  13   83    85     3      2      (5005, 53613)
  14   82    81     0      1      (112500, 742500)
  15   72    72     1      1      (20520, 43400)
  16   71    71     1      5      (7105, 9360)
  17   68    69     2      2      (169600, 757900)
  18   65    65     1      1      (29440, 464256)
  19   64    63     0      2      (1125, 6160)
  20   57    58     2      1      (24871, 136800)

Size 分布（>= 3 或 size <= 4）:
  size = 1       count = 307
  size = 2       count = 8046
  size = 4       count = 698
  size = 6       count = 78
  size = 7       count = 55
  size = 8       count = 109
  size = 9       count = 17
  size = 10      count = 29
  size = 11      count = 43
  size = 12      count = 21
  size = 13      count = 19
  size = 14      count = 11
  size = 15      count = 17
  size = 16      count = 6
  size = 17      count = 5
  size = 18      count = 10
  size = 19      count = 8
  size = 20      count = 5
  size = 21      count = 8
  size = 22      count = 4
  size = 23      count = 4
  size = 24      count = 9
  size = 25      count = 8
  size = 26      count = 3
  size = 28      count = 5
  size = 29      count = 3
  size = 32      count = 3
  size = 33      count = 3
  size = 40      count = 3

Circuit rank 总览:
  总 circuit rank (= E - V + components) = 22223
  sum of per-component circuit ranks    = 22223
  pure-tree components: 9540 / 9580 = 99.6%
  非 tree components:  40

[738.9s] 总耗时
summary: results/partner_full_bfs_summary.json
